# Generated by iptables-save v1.4.14 on Tue Aug 18 19:45:32 2015
*mangle
:PREROUTING ACCEPT [2215:2008853]
:INPUT ACCEPT [2215:2008853]
:FORWARD ACCEPT [0:0]
:OUTPUT ACCEPT [1936:202702]
:POSTROUTING ACCEPT [1930:202274]
COMMIT
# Completed on Tue Aug 18 19:45:32 2015
# Generated by iptables-save v1.4.14 on Tue Aug 18 19:45:32 2015
*nat
:PREROUTING ACCEPT [141:11792]
:INPUT ACCEPT [9:515]
:OUTPUT ACCEPT [223:13481]
:POSTROUTING ACCEPT [217:13053]
COMMIT
# Completed on Tue Aug 18 19:45:32 2015
# Generated by iptables-save v1.4.14 on Tue Aug 18 19:45:32 2015
*filter
:INPUT DROP [0:0]
:FORWARD DROP [0:0]
:OUTPUT ACCEPT [0:0]
-A INPUT -i lo -j ACCEPT
-A INPUT -p icmp -m icmp --icmp-type 0 -j ACCEPT
-A INPUT -p icmp -m icmp --icmp-type 8 -j ACCEPT
-A INPUT -p tcp -m state --state RELATED,ESTABLISHED -j ACCEPT
-A INPUT -p udp -m state --state RELATED,ESTABLISHED -j ACCEPT
-A INPUT -i eth0 -p tcp -m tcp --dport 80 -j ACCEPT
-A INPUT -i eth0 -p tcp -m tcp --dport 2222 -j ACCEPT
-A INPUT -i eth0 -p tcp -m tcp --dport 2223 -j ACCEPT
-A INPUT -i eth0 -p tcp -m tcp --dport 6000:6010 -j ACCEPT
-A OUTPUT -o lo -j ACCEPT
-A OUTPUT -p icmp -j ACCEPT
-A OUTPUT -o eth0 -p tcp -m tcp --sport 80 -j ACCEPT
-A OUTPUT -o eth0 -p tcp -m tcp --sport 2222 -j ACCEPT
-A OUTPUT -o eth0 -p tcp -m tcp --sport 2223 -j ACCEPT
-A OUTPUT -o eth0 -p tcp -m tcp --sport 6000:6010 -j ACCEPT
COMMIT
# Completed on Tue Aug 18 19:45:32 2015
